#
# There is insufficient memory for the Java Runtime Environment to continue.
# Native memory allocation (malloc) failed to allocate 32744 bytes for ChunkPool::allocate
# Possible reasons:
#   The system is out of physical RAM or swap space
#   In 32 bit mode, the process size limit was hit
# Possible solutions:
#   Reduce memory load on the system
#   Increase physical memory or swap space
#   Check if swap backing store is full
#   Use 64 bit Java on a 64 bit OS
#   Decrease Java heap size (-Xmx/-Xms)
#   Decrease number of Java threads
#   Decrease Java thread stack sizes (-Xss)
#   Set larger code cache with -XX:ReservedCodeCacheSize=
# This output file may be truncated or incomplete.
#
#  Out of Memory Error (allocation.cpp:273), pid=17400, tid=0x0000000000004310
#
# JRE version: Java(TM) SE Runtime Environment (8.0_131-b11) (build 1.8.0_131-b11)
# Java VM: Java HotSpot(TM) 64-Bit Server VM (25.131-b11 mixed mode windows-amd64 compressed oops)
# Failed to write core dump. Minidumps are not enabled by default on client versions of Windows
#

---------------  T H R E A D  ---------------

Current thread (0x000000001553c800):  JavaThread "C1 CompilerThread1" daemon [_thread_in_native, id=17168, stack(0x0000000016620000,0x0000000016720000)]

Stack: [0x0000000016620000,0x0000000016720000]
[error occurred during error reporting (printing stack bounds), id 0xc0000005]

Native frames: (J=compiled Java code, j=interpreted, Vv=VM code, C=native code)


Current CompileTask:
C1:   2013  141       3       jdk.internal.org.objectweb.asm.Frame::execute (2252 bytes)


---------------  P R O C E S S  ---------------

Java Threads: ( => current thread )
  0x0000000015555000 JavaThread "Service Thread" daemon [_thread_blocked, id=17172, stack(0x0000000016720000,0x0000000016820000)]
=>0x000000001553c800 JavaThread "C1 CompilerThread1" daemon [_thread_in_native, id=17168, stack(0x0000000016620000,0x0000000016720000)]
  0x00000000154e7000 JavaThread "C2 CompilerThread0" daemon [_thread_blocked, id=15336, stack(0x0000000016520000,0x0000000016620000)]
  0x00000000154e6000 JavaThread "Attach Listener" daemon [_thread_blocked, id=4620, stack(0x0000000016420000,0x0000000016520000)]
  0x00000000154ef800 JavaThread "Signal Dispatcher" daemon [_thread_blocked, id=16692, stack(0x0000000016320000,0x0000000016420000)]
  0x00000000154d8800 JavaThread "Finalizer" daemon [_thread_blocked, id=16996, stack(0x0000000016130000,0x0000000016230000)]
  0x000000000314c800 JavaThread "Reference Handler" daemon [_thread_blocked, id=8220, stack(0x0000000016030000,0x0000000016130000)]
  0x0000000003060800 JavaThread "main" [_thread_in_native, id=7556, stack(0x0000000002ef0000,0x0000000002ff0000)]

Other Threads:
  0x00000000154b6000 VMThread [stack: 0x0000000015f30000,0x0000000016030000] [id=12732]
  0x0000000015562000 WatcherThread [stack: 0x0000000016820000,0x0000000016920000] [id=9552]

VM state:not at safepoint (normal execution)

VM Mutex/Monitor currently owned by a thread: None

Heap:
 PSYoungGen      total 18944K, used 2294K [0x00000000eb400000, 0x00000000ec900000, 0x0000000100000000)
  eden space 16384K, 14% used [0x00000000eb400000,0x00000000eb63db88,0x00000000ec400000)
  from space 2560K, 0% used [0x00000000ec680000,0x00000000ec680000,0x00000000ec900000)
  to   space 2560K, 0% used [0x00000000ec400000,0x00000000ec400000,0x00000000ec680000)
 ParOldGen       total 44032K, used 0K [0x00000000c1c00000, 0x00000000c4700000, 0x00000000eb400000)
  object space 44032K, 0% used [0x00000000c1c00000,0x00000000c1c00000,0x00000000c4700000)
 Metaspace       used 4135K, capacity 4726K, committed 4992K, reserved 1056768K
  class space    used 492K, capacity 558K, committed 640K, reserved 1048576K

Card table byte_map: [0x0000000012520000,0x0000000012720000] byte_map_base: 0x0000000011f12000

Marking Bits: (ParMarkBitMap*) 0x00000000737bc720
 Begin Bits: [0x0000000012a70000, 0x0000000013a00000)
 End Bits:   [0x0000000013a00000, 0x0000000014990000)

Polling page: 0x0000000001680000

CodeCache: size=245760Kb used=1316Kb max_used=1328Kb free=244443Kb
 bounds [0x0000000003160000, 0x00000000033d0000, 0x0000000012160000]
 total_blobs=431 nmethods=167 adapters=178
 compilation: enabled

Compilation events (10 events):
Event: 1.842 Thread 0x000000001553c800 nmethod 135 0x00000000032a25d0 code [0x00000000032a2720, 0x00000000032a2830]
Event: 1.843 Thread 0x000000001553c800  137       1       java.lang.invoke.LambdaForm$Name::access$000 (5 bytes)
Event: 1.843 Thread 0x000000001553c800 nmethod 137 0x00000000032a2190 code [0x00000000032a22e0, 0x00000000032a23d0]
Event: 1.843 Thread 0x000000001553c800  138       1       java.lang.invoke.LambdaForm$BasicType::basicTypeChar (5 bytes)
Event: 1.844 Thread 0x000000001553c800 nmethod 138 0x00000000032a1ed0 code [0x00000000032a2020, 0x00000000032a2130]
Event: 1.844 Thread 0x000000001553c800  139       1       java.lang.invoke.LambdaForm$BasicType::access$100 (5 bytes)
Event: 1.844 Thread 0x000000001553c800 nmethod 139 0x00000000032a4e10 code [0x00000000032a4f60, 0x00000000032a5050]
Event: 1.844 Thread 0x000000001553c800  140       1       java.lang.invoke.LambdaForm$BasicType::basicTypeClass (5 bytes)
Event: 1.844 Thread 0x000000001553c800 nmethod 140 0x00000000032a50d0 code [0x00000000032a5220, 0x00000000032a5330]
Event: 1.844 Thread 0x000000001553c800  141       3       jdk.internal.org.objectweb.asm.Frame::execute (2252 bytes)

GC Heap History (0 events):
No events

Deoptimization events (0 events):
No events

Internal exceptions (7 events):
Event: 0.334 Thread 0x0000000003060800 Exception <a 'java/lang/NoSuchMethodError': Method sun.misc.Unsafe.defineClass(Ljava/lang/String;[BII)Ljava/lang/Class; name or signature does not match> (0x00000000eb407ca8) thrown at [C:\re\workspace\8-2-build-windows-amd64-cygwin\jdk8u131\8869\hotspot\
Event: 0.334 Thread 0x0000000003060800 Exception <a 'java/lang/NoSuchMethodError': Method sun.misc.Unsafe.prefetchRead(Ljava/lang/Object;J)V name or signature does not match> (0x00000000eb407f90) thrown at [C:\re\workspace\8-2-build-windows-amd64-cygwin\jdk8u131\8869\hotspot\src\share\vm\prims
Event: 1.571 Thread 0x0000000003060800 Exception <a 'java/security/PrivilegedActionException'> (0x00000000eb482c00) thrown at [C:\re\workspace\8-2-build-windows-amd64-cygwin\jdk8u131\8869\hotspot\src\share\vm\prims\jvm.cpp, line 1390]
Event: 1.571 Thread 0x0000000003060800 Exception <a 'java/security/PrivilegedActionException'> (0x00000000eb482e10) thrown at [C:\re\workspace\8-2-build-windows-amd64-cygwin\jdk8u131\8869\hotspot\src\share\vm\prims\jvm.cpp, line 1390]
Event: 1.574 Thread 0x0000000003060800 Exception <a 'java/security/PrivilegedActionException'> (0x00000000eb486a80) thrown at [C:\re\workspace\8-2-build-windows-amd64-cygwin\jdk8u131\8869\hotspot\src\share\vm\prims\jvm.cpp, line 1390]
Event: 1.574 Thread 0x0000000003060800 Exception <a 'java/security/PrivilegedActionException'> (0x00000000eb486c90) thrown at [C:\re\workspace\8-2-build-windows-amd64-cygwin\jdk8u131\8869\hotspot\src\share\vm\prims\jvm.cpp, line 1390]
Event: 1.601 Thread 0x0000000003060800 Exception <a 'java/io/FileNotFoundException'> (0x00000000eb4891a8) thrown at [C:\re\workspace\8-2-build-windows-amd64-cygwin\jdk8u131\8869\hotspot\src\share\vm\prims\jni.cpp, line 709]

Events (10 events):
Event: 1.809 loading class java/lang/invoke/MethodHandleImpl$AsVarargsCollector
Event: 1.809 loading class java/lang/invoke/DelegatingMethodHandle
Event: 1.810 loading class java/lang/invoke/DelegatingMethodHandle done
Event: 1.810 loading class java/lang/invoke/MethodHandleImpl$AsVarargsCollector done
Event: 1.812 loading class java/lang/invoke/WrongMethodTypeException
Event: 1.812 loading class java/lang/invoke/WrongMethodTypeException done
Event: 1.820 loading class java/lang/invoke/MethodHandleImpl$Lazy
Event: 1.821 loading class java/lang/invoke/MethodHandleImpl$Lazy done
Event: 1.821 loading class java/lang/invoke/MethodHandleImpl$IntrinsicMethodHandle
Event: 1.821 loading class java/lang/invoke/MethodHandleImpl$IntrinsicMethodHandle done


Dynamic libraries:
0x00007ff61a740000 - 0x00007ff61a777000 	C:\Program Files\Java\jre1.8.0_131\bin\javaw.exe
0x00007ffd3dd60000 - 0x00007ffd3df31000 	C:\WINDOWS\SYSTEM32\ntdll.dll
0x00007ffd3d790000 - 0x00007ffd3d83b000 	C:\WINDOWS\System32\KERNEL32.DLL
0x00007ffd3b0d0000 - 0x00007ffd3b2ed000 	C:\WINDOWS\System32\KERNELBASE.dll
0x00007ffd3d600000 - 0x00007ffd3d6a2000 	C:\WINDOWS\System32\ADVAPI32.dll
0x00007ffd3d9f0000 - 0x00007ffd3da8e000 	C:\WINDOWS\System32\msvcrt.dll
0x00007ffd3cc90000 - 0x00007ffd3cce9000 	C:\WINDOWS\System32\sechost.dll
0x00007ffd3d4d0000 - 0x00007ffd3d5f1000 	C:\WINDOWS\System32\RPCRT4.dll
0x00007ffd3b5d0000 - 0x00007ffd3b735000 	C:\WINDOWS\System32\USER32.dll
0x00007ffd3b0b0000 - 0x00007ffd3b0ce000 	C:\WINDOWS\System32\win32u.dll
0x00007ffd3b740000 - 0x00007ffd3b774000 	C:\WINDOWS\System32\GDI32.dll
0x00007ffd3a5d0000 - 0x00007ffd3a752000 	C:\WINDOWS\System32\gdi32full.dll
0x00007ffd2fe00000 - 0x00007ffd3007a000 	C:\WINDOWS\WinSxS\amd64_microsoft.windows.common-controls_6595b64144ccf1df_6.0.14393.953_none_42151e83c686086b\COMCTL32.dll
0x00007ffd3da90000 - 0x00007ffd3dd58000 	C:\WINDOWS\System32\combase.dll
0x00007ffd3a420000 - 0x00007ffd3a515000 	C:\WINDOWS\System32\ucrtbase.dll
0x00007ffd3a2a0000 - 0x00007ffd3a30a000 	C:\WINDOWS\System32\bcryptPrimitives.dll
0x00007ffd3cd70000 - 0x00007ffd3cd9e000 	C:\WINDOWS\System32\IMM32.DLL
0x0000000074500000 - 0x00000000745d2000 	C:\Program Files\Java\jre1.8.0_131\bin\msvcr100.dll
0x0000000072fa0000 - 0x000000007383c000 	C:\Program Files\Java\jre1.8.0_131\bin\server\jvm.dll
0x00007ffd3d6b0000 - 0x00007ffd3d6b8000 	C:\WINDOWS\System32\PSAPI.DLL
0x00007ffd2a6f0000 - 0x00007ffd2a6f9000 	C:\WINDOWS\SYSTEM32\WSOCK32.dll
0x00007ffd3cec0000 - 0x00007ffd3cf2a000 	C:\WINDOWS\System32\WS2_32.dll
0x00007ffd38670000 - 0x00007ffd38693000 	C:\WINDOWS\SYSTEM32\WINMM.dll
0x00007ffd30f80000 - 0x00007ffd30f8a000 	C:\WINDOWS\SYSTEM32\VERSION.dll
0x00007ffd38610000 - 0x00007ffd3863b000 	C:\WINDOWS\SYSTEM32\WINMMBASE.dll
0x00007ffd3a250000 - 0x00007ffd3a292000 	C:\WINDOWS\System32\cfgmgr32.dll
0x0000000050000000 - 0x000000005000f000 	C:\Program Files\Java\jre1.8.0_131\bin\verify.dll
0x0000000075e00000 - 0x0000000075e29000 	C:\Program Files\Java\jre1.8.0_131\bin\java.dll
0x0000000075de0000 - 0x0000000075df6000 	C:\Program Files\Java\jre1.8.0_131\bin\zip.dll
0x00007ffd3b780000 - 0x00007ffd3cc88000 	C:\WINDOWS\System32\SHELL32.dll
0x00007ffd3a9d0000 - 0x00007ffd3b0aa000 	C:\WINDOWS\System32\windows.storage.dll
0x00007ffd3a1f0000 - 0x00007ffd3a23c000 	C:\WINDOWS\System32\powrprof.dll
0x00007ffd3ccf0000 - 0x00007ffd3cd42000 	C:\WINDOWS\System32\shlwapi.dll
0x00007ffd3a240000 - 0x00007ffd3a24f000 	C:\WINDOWS\System32\kernel.appcore.dll
0x00007ffd3a370000 - 0x00007ffd3a419000 	C:\WINDOWS\System32\shcore.dll
0x00007ffd3a1d0000 - 0x00007ffd3a1e4000 	C:\WINDOWS\System32\profapi.dll
0x00000000742e0000 - 0x0000000074478000 	C:\Program Files\Java\jre1.8.0_131\bin\awt.dll
0x00007ffd3ce00000 - 0x00007ffd3cebf000 	C:\WINDOWS\System32\OLEAUT32.dll
0x00007ffd3a760000 - 0x00007ffd3a7fc000 	C:\WINDOWS\System32\msvcp_win.dll
0x00007ffd38760000 - 0x00007ffd387da000 	C:\WINDOWS\SYSTEM32\apphelp.dll

VM Arguments:
jvm_args: -Dfile.encoding=Cp1252 
java_command: JcheckboxOrder
java_class_path (initial): C:\Users\salah\OneDrive\Documents\swingIcon\JcheckBox1\JcheckboxOrder\bin
Launcher Type: SUN_STANDARD

Environment Variables:
PATH=C:/Program Files/Java/jre1.8.0_131/bin/server;C:/Program Files/Java/jre1.8.0_131/bin;C:/Program Files/Java/jre1.8.0_131/lib/amd64;C:\ProgramData\Oracle\Java\javapath;C:\WINDOWS\system32;C:\WINDOWS;C:\WINDOWS\System32\Wbem;C:\WINDOWS\System32\WindowsPowerShell\v1.0\;C:\Users\salah\AppData\Local\Programs\Python\Python35-32\Scripts\;C:\Users\salah\AppData\Local\Programs\Python\Python35-32\;%USERPROFILE%\AppData\Local\Microsoft\WindowsApps;;C:\Users\salah\Desktop\eclipse-java-mars-R-win32-x86_64\eclipse;
USERNAME=salah
OS=Windows_NT
PROCESSOR_IDENTIFIER=Intel64 Family 6 Model 55 Stepping 3, GenuineIntel



---------------  S Y S T E M  ---------------

OS: Windows 10.0 , 64 bit Build 14393 (10.0.14393.0)

CPU:total 2 (initial active 2) (2 cores per cpu, 1 threads per core) family 6 model 55 stepping 3, cmov, cx8, fxsr, mmx, sse, sse2, sse3, ssse3, sse4.1, sse4.2, popcnt, clmul, erms, 3dnowpref, tsc, tscinvbit

Memory: 4k page, physical 4074684k(904412k free), swap 16657596k(700k free)

vm_info: Java HotSpot(TM) 64-Bit Server VM (25.131-b11) for windows-amd64 JRE (1.8.0_131-b11), built on Mar 15 2017 01:23:53 by "java_re" with MS VC++ 10.0 (VS2010)

time: Sun Apr 23 19:26:43 2017
elapsed time: 2 seconds (0d 0h 0m 2s)

